#
# A fatal error has been detected by the Java Runtime Environment:
#
#  SIGILL (0x4) at pc=0x00007fff9587502f, pid=1887, tid=0x0000000000000a0b
#
# JRE version: OpenJDK Runtime Environment (8.0_112-b06) (build 1.8.0_112-release-b06)
# Java VM: OpenJDK 64-Bit Server VM (25.112-b06 mixed mode bsd-amd64 compressed oops)
# Problematic frame:
# C  [libobjc.A.dylib+0x1302f]  _ZL10_objc_trapv+0x4
#
# Failed to write core dump. Core dumps have been disabled. To enable core dumping, try "ulimit -c unlimited" before starting Java again
#
# If you would like to submit a bug report, please visit:
#   http://bugreport.java.com/bugreport/crash.jsp
# The crash happened outside the Java Virtual Machine in native code.
# See problematic frame for where to report the bug.
#

---------------  T H R E A D  ---------------

Current thread (0x00007ffd628d1800):  JavaThread "AppKit Thread" daemon [_thread_in_native, id=2571, stack(0x00007fff52943000,0x00007fff53143000)]

siginfo: si_signo: 4 (SIGILL), si_code: 1 (ILL_ILLOPC), si_addr: 0x00007fff9587502f

Registers:
RAX=0x0000000000000000, RBX=0x00007ffd60d80600, RCX=0x0000000000000000, RDX=0x00007fff75d4bb30
RSP=0x00007fff5313d170, RBP=0x00007fff5313d170, RSI=0x0000010000000100, RDI=0x00007fff75d4bb10
R8 =0x00000000fffffffc, R9 =0x00007fff75d4bb28, R10=0x00000000ffffffff, R11=0xfffffffffff910c0
R12=0x0000000000000001, R13=0x0000000000000000, R14=0x00007fff75d50ea8, R15=0x00007ffd60d945b8
RIP=0x00007fff9587502f, EFLAGS=0x0000000000010202, ERR=0x0000000000000000
  TRAPNO=0x0000000000000006

Top of Stack: (sp=0x00007fff5313d170)
0x00007fff5313d170:   00007fff5313d260 00007fff9587517f
0x00007fff5313d180:   00007ffd60d2be70 00007ffd60d80600
0x00007fff5313d190:   00007fff92cbed9c 00007fff92cbed9c
0x00007fff5313d1a0:   000000000000005f 00007ffd60d80600
0x00007fff5313d1b0:   00007fff5313d1e0 00007fff95869e63
0x00007fff5313d1c0:   00007fff5313d220 00007fff9586c8cd
0x00007fff5313d1d0:   00007fff75d50e90 0000000000000001
0x00007fff5313d1e0:   00007fff5313d240 00007ffd60d945b8
0x00007fff5313d1f0:   00007fff5313d220 00007fff92cbed9c
0x00007fff5313d200:   00007fff92cbed9c 0000000000000000
0x00007fff5313d210:   00007fff7560fa38 00007ffd60d945b8
0x00007fff5313d220:   00007fff5313d260 00007fff9586c838
0x00007fff5313d230:   00007ffd60dc8810 00007ffd60d3b1b0
0x00007fff5313d240:   0000003000000018 00007fff5313d270
0x00007fff5313d250:   00007fff5313d180 00007ffd60d945b8
0x00007fff5313d260:   00007fff5313d2c0 00007fff9586d61e
0x00007fff5313d270:   00007fff75d4fd00 00007fff75d50100
0x00007fff5313d280:   00007fff5313d300 00007fff9586d431
0x00007fff5313d290:   00007fff5313d2b0 00007fff75d4fd00
0x00007fff5313d2a0:   00007ffd60d945b8 0000000000000000
0x00007fff5313d2b0:   00007fff75d50e80 0000000000000000
0x00007fff5313d2c0:   00007fff5313d340 00007fff9586d3a9
0x00007fff5313d2d0:   ffff80029f1b08d0 00007ffd60d95d20
0x00007fff5313d2e0:   0000000000001180 0000000000000000
0x00007fff5313d2f0:   0000000000000000 0000000000000000
0x00007fff5313d300:   00007ffd60d80600 0000000000000023
0x00007fff5313d310:   000000000000000f 00007ffd60e4f730
0x00007fff5313d320:   0000000000000000 00007ffd60d44100
0x00007fff5313d330:   00007ffd60d95d20 00007ffd60d80600
0x00007fff5313d340:   00007fff5313d380 00007fff87353973
0x00007fff5313d350:   00007ffd60e4f730 0000000000000000
0x00007fff5313d360:   00007ffd60d80600 00007fff958634c0 

Instructions: (pc=0x00007fff9587502f)
0x00007fff9587500f:   00 00 bf 02 00 00 00 48 89 de 48 89 c2 e8 a1 bf
0x00007fff9587501f:   00 00 48 81 c4 98 00 00 00 5b 5d c3 55 48 89 e5
0x00007fff9587502f:   0f 0b 55 48 89 e5 48 81 ec d0 00 00 00 84 c0 74
0x00007fff9587503f:   2e c5 f8 29 85 60 ff ff ff c5 f8 29 8d 70 ff ff 

Register to memory mapping:

RAX=0x0000000000000000 is an unknown value
RBX=0x00007ffd60d80600 is an unknown value
RCX=0x0000000000000000 is an unknown value
RDX=0x00007fff75d4bb30: _ZZL14_objc_crashlogPKcE13crashlog_lock+0x20 in /usr/lib/libobjc.A.dylib at 0x00007fff95862000
RSP=0x00007fff5313d170 is pointing into the stack for thread: 0x00007ffd628d1800
RBP=0x00007fff5313d170 is pointing into the stack for thread: 0x00007ffd628d1800
RSI=0x0000010000000100 is an unknown value
RDI=0x00007fff75d4bb10: _ZZL14_objc_crashlogPKcE13crashlog_lock+0 in /usr/lib/libobjc.A.dylib at 0x00007fff95862000
R8 =0x00000000fffffffc is an unknown value
R9 =0x00007fff75d4bb28: _ZZL14_objc_crashlogPKcE13crashlog_lock+0x18 in /usr/lib/libobjc.A.dylib at 0x00007fff95862000
R10=0x00000000ffffffff is an unknown value
R11=0xfffffffffff910c0 is an unknown value
R12=0x0000000000000001 is an unknown value
R13=0x0000000000000000 is an unknown value
R14=0x00007fff75d50ea8: _ZN12_GLOBAL__N_1L12SideTableBufE+0x11a8 in /usr/lib/libobjc.A.dylib at 0x00007fff95862000
R15=0x00007ffd60d945b8 is an unknown value


Stack: [0x00007fff52943000,0x00007fff53143000],  sp=0x00007fff5313d170,  free space=8168k
Native frames: (J=compiled Java code, j=interpreted, Vv=VM code, C=native code)
C  [libobjc.A.dylib+0x1302f]  _ZL10_objc_trapv+0x4
C  [libobjc.A.dylib+0x1317f]  _objc_inform+0x0
C  [libobjc.A.dylib+0xb61e]  weak_register_no_lock+0xde
C  [libobjc.A.dylib+0xb3a9]  objc_storeWeak+0x18b
C  [Foundation+0x19973]  -[NSConcreteMapTable setObject:forKey:]+0x6e
C  [AppKit+0x345f6a]  -[NSView(NSOpenGLContextAssociation) _setOpenGLContext:]+0xf2
C  [AppKit+0x6856dd]  __27-[NSOpenGLContext setView:]_block_invoke+0xd6
C  [AppKit+0x183325]  NSPerformVisuallyAtomicChange+0x93
C  [AppKit+0x345c0d]  -[NSOpenGLContext setView:]+0x77
C  [liblwjgl.dylib+0xa586]  -[MacOSXOpenGLView lockFocus]+0x76
C  [AppKit+0x1a8797]  -[NSView _recursiveDisplayRectIfNeededIgnoringOpacity:isVisibleRect:rectIsVisibleRectForView:topView:]+0x6e2
C  [AppKit+0x1a9785]  -[NSView _recursiveDisplayRectIfNeededIgnoringOpacity:isVisibleRect:rectIsVisibleRectForView:topView:]+0x16d0
C  [AppKit+0x1a7be0]  -[NSThemeFrame _recursiveDisplayRectIfNeededIgnoringOpacity:isVisibleRect:rectIsVisibleRectForView:topView:]+0x14e
C  [AppKit+0x1a5feb]  -[NSView _displayRectIgnoringOpacity:isVisibleRect:rectIsVisibleRectForView:]+0x991
C  [AppKit+0x1a13f5]  -[NSView displayIfNeeded]+0x79e
C  [AppKit+0x1a0c3c]  -[NSWindow displayIfNeeded]+0xe8
C  [AppKit+0x82541b]  ___NSWindowGetDisplayCycleObserver_block_invoke6365+0x1dc
C  [AppKit+0x1a05d6]  __37+[NSDisplayCycle currentDisplayCycle]_block_invoke+0x3ad
C  [QuartzCore+0x10f71]  _ZN2CA11Transaction19run_commit_handlersE18CATransactionPhase+0x55
C  [QuartzCore+0x1042c]  _ZN2CA7Context18commit_transactionEPNS_11TransactionE+0xa0
C  [QuartzCore+0x100ec]  _ZN2CA11Transaction6commitEv+0x1fc
C  [QuartzCore+0x1b977]  _ZN2CA11Transaction17observer_callbackEP19__CFRunLoopObservermPv+0x47
C  [CoreFoundation+0xaa067]  __CFRUNLOOP_IS_CALLING_OUT_TO_AN_OBSERVER_CALLBACK_FUNCTION__+0x17
C  [CoreFoundation+0xa9fd7]  __CFRunLoopDoObservers+0x187
C  [CoreFoundation+0x88ef8]  CFRunLoopRunSpecific+0x148
C  [HIToolbox+0x30935]  RunCurrentEventLoopInMode+0xeb
C  [HIToolbox+0x30677]  ReceiveNextEventCommon+0xb8
C  [HIToolbox+0x305af]  _BlockUntilNextEventMatchingListInModeWithFilter+0x47
C  [AppKit+0x48df6]  _DPSNextEvent+0x42b
C  [AppKit+0x48226]  -[NSApplication _nextEventMatchingEventMask:untilDate:inMode:dequeue:]+0x1c6
C  [libosxapp.dylib+0x241a]  -[NSApplicationAWT nextEventMatchingMask:untilDate:inMode:dequeue:]+0x7c
C  [AppKit+0x3cd80]  -[NSApplication run]+0x2aa
C  [libosxapp.dylib+0x222e]  +[NSApplicationAWT runAWTLoopWithApp:]+0x9c
C  [libawt_lwawt.dylib+0x4678f]  -[AWTStarter starter:]+0x389
C  [Foundation+0x76fde]  __NSThreadPerformPerform+0x117
C  [CoreFoundation+0xaa881]  __CFRUNLOOP_IS_CALLING_OUT_TO_A_SOURCE0_PERFORM_FUNCTION__+0x11
C  [CoreFoundation+0x89fbc]  __CFRunLoopDoSources0+0x22c
C  [CoreFoundation+0x894df]  __CFRunLoopRun+0x39f
C  [CoreFoundation+0x88ed8]  CFRunLoopRunSpecific+0x128
C  [java+0x6455]  CreateExecutionEnvironment+0x367
C  [java+0x217c]  JLI_Launch+0x7a0
C  [java+0x84b9]  main+0x6c
C  [java+0x19d4]  start+0x34
C  0x0000000000000008


---------------  P R O C E S S  ---------------

Java Threads: ( => current thread )
  0x00007ffd65af7000 JavaThread "AWT-Shutdown" [_thread_blocked, id=34431, stack(0x00007000010ca000,0x00007000011ca000)]
  0x00007ffd61013000 JavaThread "DestroyJavaVM" [_thread_blocked, id=4099, stack(0x0000700000084000,0x0000700000184000)]
  0x00007ffd628f3800 JavaThread "LWJGL Application" [_thread_in_native, id=66307, stack(0x00007000014df000,0x00007000015df000)]
=>0x00007ffd628d1800 JavaThread "AppKit Thread" daemon [_thread_in_native, id=2571, stack(0x00007fff52943000,0x00007fff53143000)]
  0x00007ffd61902800 JavaThread "Monitor Ctrl-Break" daemon [_thread_in_native, id=19459, stack(0x0000700000fc7000,0x00007000010c7000)]
  0x00007ffd6200a800 JavaThread "Service Thread" daemon [_thread_blocked, id=18435, stack(0x0000700000dc1000,0x0000700000ec1000)]
  0x00007ffd62817000 JavaThread "C1 CompilerThread2" daemon [_thread_blocked, id=17923, stack(0x0000700000cbe000,0x0000700000dbe000)]
  0x00007ffd61858000 JavaThread "C2 CompilerThread1" daemon [_thread_blocked, id=17411, stack(0x0000700000bbb000,0x0000700000cbb000)]
  0x00007ffd61809800 JavaThread "C2 CompilerThread0" daemon [_thread_blocked, id=16899, stack(0x0000700000ab8000,0x0000700000bb8000)]
  0x00007ffd61806800 JavaThread "Signal Dispatcher" daemon [_thread_blocked, id=13839, stack(0x00007000009b5000,0x0000700000ab5000)]
  0x00007ffd61822000 JavaThread "Finalizer" daemon [_thread_blocked, id=11779, stack(0x000070000082f000,0x000070000092f000)]
  0x00007ffd6181f000 JavaThread "Reference Handler" daemon [_thread_blocked, id=11267, stack(0x000070000072c000,0x000070000082c000)]

Other Threads:
  0x00007ffd61045000 VMThread [stack: 0x0000700000629000,0x0000700000729000] [id=10755]
  0x00007ffd6200b000 WatcherThread [stack: 0x0000700000ec4000,0x0000700000fc4000] [id=18947]

VM state:not at safepoint (normal execution)

VM Mutex/Monitor currently owned by a thread: None

Heap:
 PSYoungGen      total 38400K, used 16419K [0x0000000795580000, 0x0000000798000000, 0x00000007c0000000)
  eden space 33280K, 41% used [0x0000000795580000,0x00000007962e64e8,0x0000000797600000)
  from space 5120K, 52% used [0x0000000797b00000,0x0000000797da29b0,0x0000000798000000)
  to   space 5120K, 0% used [0x0000000797600000,0x0000000797600000,0x0000000797b00000)
 ParOldGen       total 87552K, used 138K [0x0000000740000000, 0x0000000745580000, 0x0000000795580000)
  object space 87552K, 0% used [0x0000000740000000,0x0000000740022998,0x0000000745580000)
 Metaspace       used 9799K, capacity 9967K, committed 10240K, reserved 1058816K
  class space    used 935K, capacity 988K, committed 1024K, reserved 1048576K

Card table byte_map: [0x000000011cc41000,0x000000011d042000] byte_map_base: 0x0000000119241000

Marking Bits: (ParMarkBitMap*) 0x000000010d5c1ed0
 Begin Bits: [0x000000011d2ed000, 0x000000011f2ed000)
 End Bits:   [0x000000011f2ed000, 0x00000001212ed000)

Polling page: 0x000000010d86e000

CodeCache: size=245760Kb used=5076Kb max_used=5076Kb free=240683Kb
 bounds [0x000000010d881000, 0x000000010dd81000, 0x000000011c881000]
 total_blobs=1893 nmethods=1400 adapters=408
 compilation: enabled

Compilation events (10 events):
Event: 985.490 Thread 0x00007ffd62817000 1396  s    3       org.lwjgl.opengl.EventQueue::putEvent (80 bytes)
Event: 985.492 Thread 0x00007ffd62817000 nmethod 1396 0x000000010dd78150 code [0x000000010dd783a0, 0x000000010dd79468]
Event: 986.986 Thread 0x00007ffd62817000 1397       3       org.lwjgl.input.Keyboard$KeyEvent::access$502 (7 bytes)
Event: 986.986 Thread 0x00007ffd62817000 nmethod 1397 0x000000010dd79b10 code [0x000000010dd79c60, 0x000000010dd79d90]
Event: 986.986 Thread 0x00007ffd62817000 1398       3       org.lwjgl.input.Keyboard$KeyEvent::access$602 (7 bytes)
Event: 986.987 Thread 0x00007ffd62817000 nmethod 1398 0x000000010dd79e50 code [0x000000010dd79fa0, 0x000000010dd7a0d0]
Event: 986.987 Thread 0x00007ffd62817000 1399       3       org.lwjgl.input.Keyboard$KeyEvent::access$202 (7 bytes)
Event: 986.987 Thread 0x00007ffd62817000 nmethod 1399 0x000000010dd7a190 code [0x000000010dd7a2e0, 0x000000010dd7a430]
Event: 987.488 Thread 0x00007ffd62817000 1400       3       org.lwjgl.opengl.MacOSXNativeKeyboard::keyPressed (32 bytes)
Event: 987.489 Thread 0x00007ffd62817000 nmethod 1400 0x000000010dd7a4d0 code [0x000000010dd7a680, 0x000000010dd7abb8]

GC Heap History (4 events):
Event: 127.384 GC heap before
{Heap before GC invocations=1 (full 0):
 PSYoungGen      total 38400K, used 33280K [0x0000000795580000, 0x0000000798000000, 0x00000007c0000000)
  eden space 33280K, 100% used [0x0000000795580000,0x0000000797600000,0x0000000797600000)
  from space 5120K, 0% used [0x0000000797b00000,0x0000000797b00000,0x0000000798000000)
  to   space 5120K, 0% used [0x0000000797600000,0x0000000797600000,0x0000000797b00000)
 ParOldGen       total 87552K, used 0K [0x0000000740000000, 0x0000000745580000, 0x0000000795580000)
  object space 87552K, 0% used [0x0000000740000000,0x0000000740000000,0x0000000745580000)
 Metaspace       used 9762K, capacity 9967K, committed 10240K, reserved 1058816K
  class space    used 934K, capacity 988K, committed 1024K, reserved 1048576K
Event: 127.392 GC heap after
Heap after GC invocations=1 (full 0):
 PSYoungGen      total 38400K, used 5101K [0x0000000795580000, 0x0000000798000000, 0x00000007c0000000)
  eden space 33280K, 0% used [0x0000000795580000,0x0000000795580000,0x0000000797600000)
  from space 5120K, 99% used [0x0000000797600000,0x0000000797afb760,0x0000000797b00000)
  to   space 5120K, 0% used [0x0000000797b00000,0x0000000797b00000,0x0000000798000000)
 ParOldGen       total 87552K, used 130K [0x0000000740000000, 0x0000000745580000, 0x0000000795580000)
  object space 87552K, 0% used [0x0000000740000000,0x0000000740020998,0x0000000745580000)
 Metaspace       used 9762K, capacity 9967K, committed 10240K, reserved 1058816K
  class space    used 934K, capacity 988K, committed 1024K, reserved 1048576K
}
Event: 748.456 GC heap before
{Heap before GC invocations=2 (full 0):
 PSYoungGen      total 38400K, used 38381K [0x0000000795580000, 0x0000000798000000, 0x00000007c0000000)
  eden space 33280K, 100% used [0x0000000795580000,0x0000000797600000,0x0000000797600000)
  from space 5120K, 99% used [0x0000000797600000,0x0000000797afb760,0x0000000797b00000)
  to   space 5120K, 0% used [0x0000000797b00000,0x0000000797b00000,0x0000000798000000)
 ParOldGen       total 87552K, used 130K [0x0000000740000000, 0x0000000745580000, 0x0000000795580000)
  object space 87552K, 0% used [0x0000000740000000,0x0000000740020998,0x0000000745580000)
 Metaspace       used 9785K, capacity 9967K, committed 10240K, reserved 1058816K
  class space    used 935K, capacity 988K, committed 1024K, reserved 1048576K
Event: 748.462 GC heap after
Heap after GC invocations=2 (full 0):
 PSYoungGen      total 38400K, used 2698K [0x0000000795580000, 0x0000000798000000, 0x00000007c0000000)
  eden space 33280K, 0% used [0x0000000795580000,0x0000000795580000,0x0000000797600000)
  from space 5120K, 52% used [0x0000000797b00000,0x0000000797da29b0,0x0000000798000000)
  to   space 5120K, 0% used [0x0000000797600000,0x0000000797600000,0x0000000797b00000)
 ParOldGen       total 87552K, used 138K [0x0000000740000000, 0x0000000745580000, 0x0000000795580000)
  object space 87552K, 0% used [0x0000000740000000,0x0000000740022998,0x0000000745580000)
 Metaspace       used 9785K, capacity 9967K, committed 10240K, reserved 1058816K
  class space    used 935K, capacity 988K, committed 1024K, reserved 1048576K
}

Deoptimization events (10 events):
Event: 457.827 Thread 0x00007ffd628f3800 Uncommon trap: reason=unstable_if action=reinterpret pc=0x000000010dd1771c method=com.badlogic.gdx.backends.lwjgl.LwjglInput.processEvents()V @ 421
Event: 457.827 Thread 0x00007ffd628f3800 Uncommon trap: reason=unstable_if action=reinterpret pc=0x000000010dd285f0 method=com.brentaureli.mariobros.Screens.PlayScreen.handleInput(F)V @ 54
Event: 457.842 Thread 0x00007ffd628f3800 Uncommon trap: reason=unstable_if action=reinterpret pc=0x000000010dd227a8 method=com.brentaureli.mariobros.Screens.PlayScreen.handleInput(F)V @ 54
Event: 457.859 Thread 0x00007ffd628f3800 Uncommon trap: reason=unstable_if action=reinterpret pc=0x000000010dd1bebc method=com.brentaureli.mariobros.Screens.PlayScreen.handleInput(F)V @ 54
Event: 457.876 Thread 0x00007ffd628f3800 Uncommon trap: reason=unstable_if action=reinterpret pc=0x000000010dd1dff8 method=com.brentaureli.mariobros.Screens.PlayScreen.handleInput(F)V @ 54
Event: 458.210 Thread 0x00007ffd628f3800 Uncommon trap: reason=unstable_if action=reinterpret pc=0x000000010dcfefd4 method=org.lwjgl.input.Keyboard.readNext(Lorg/lwjgl/input/Keyboard$KeyEvent;)Z @ 6
Event: 458.810 Thread 0x00007ffd628f3800 Uncommon trap: reason=unstable_if action=reinterpret pc=0x000000010dcf01f4 method=com.badlogic.gdx.utils.LongMap.get(J)Ljava/lang/Object; @ 54
Event: 517.326 Thread 0x00007ffd628f3800 Uncommon trap: reason=unstable_if action=reinterpret pc=0x000000010dd0eee4 method=org.lwjgl.input.Mouse.next()Z @ 28
Event: 947.017 Thread 0x00007ffd628f3800 Uncommon trap: reason=unstable_if action=reinterpret pc=0x000000010dd0bf84 method=org.lwjgl.opengl.MacOSXDisplay.update()V @ 86
Event: 1000.361 Thread 0x00007ffd628f3800 Uncommon trap: reason=unstable_if action=reinterpret pc=0x000000010dd0155c method=com.badlogic.gdx.backends.lwjgl.LwjglApplication.executeRunnables()Z @ 18

Internal exceptions (10 events):
Event: 0.698 Thread 0x00007ffd61013000 Exception <a 'java/lang/NoSuchFieldError': method resolution failed> (0x0000000795bc2d30) thrown at [/Volumes/Android_AOSP/AOSP-openjdk/external/jetbrains/jdk/hotspot/src/share/vm/prims/methodHandles.cpp, line 1146]
Event: 0.700 Thread 0x00007ffd61013000 Exception <a 'java/lang/NoSuchFieldError': method resolution failed> (0x0000000795bd0480) thrown at [/Volumes/Android_AOSP/AOSP-openjdk/external/jetbrains/jdk/hotspot/src/share/vm/prims/methodHandles.cpp, line 1146]
Event: 0.872 Thread 0x00007ffd61013000 Exception <a 'java/io/FileNotFoundException'> (0x0000000795c4b138) thrown at [/Volumes/Android_AOSP/AOSP-openjdk/external/jetbrains/jdk/hotspot/src/share/vm/prims/jni.cpp, line 709]
Event: 0.872 Thread 0x00007ffd61013000 Exception <a 'java/io/FileNotFoundException'> (0x0000000795c4bcc0) thrown at [/Volumes/Android_AOSP/AOSP-openjdk/external/jetbrains/jdk/hotspot/src/share/vm/prims/jni.cpp, line 709]
Event: 0.891 Thread 0x00007ffd61013000 Exception <a 'java/security/PrivilegedActionException'> (0x0000000795c7b5a8) thrown at [/Volumes/Android_AOSP/AOSP-openjdk/external/jetbrains/jdk/hotspot/src/share/vm/prims/jvm.cpp, line 1390]
Event: 0.891 Thread 0x00007ffd61013000 Exception <a 'java/security/PrivilegedActionException'> (0x0000000795c7d190) thrown at [/Volumes/Android_AOSP/AOSP-openjdk/external/jetbrains/jdk/hotspot/src/share/vm/prims/jvm.cpp, line 1390]
Event: 0.891 Thread 0x00007ffd61013000 Exception <a 'java/security/PrivilegedActionException'> (0x0000000795c7e2b0) thrown at [/Volumes/Android_AOSP/AOSP-openjdk/external/jetbrains/jdk/hotspot/src/share/vm/prims/jvm.cpp, line 1390]
Event: 0.891 Thread 0x00007ffd61013000 Exception <a 'java/security/PrivilegedActionException'> (0x0000000795c833d0) thrown at [/Volumes/Android_AOSP/AOSP-openjdk/external/jetbrains/jdk/hotspot/src/share/vm/prims/jvm.cpp, line 1390]
Event: 0.891 Thread 0x00007ffd61013000 Exception <a 'java/security/PrivilegedActionException'> (0x0000000795c84028) thrown at [/Volumes/Android_AOSP/AOSP-openjdk/external/jetbrains/jdk/hotspot/src/share/vm/prims/jvm.cpp, line 1390]
Event: 0.891 Thread 0x00007ffd61013000 Exception <a 'java/security/PrivilegedActionException'> (0x0000000795c84c50) thrown at [/Volumes/Android_AOSP/AOSP-openjdk/external/jetbrains/jdk/hotspot/src/share/vm/prims/jvm.cpp, line 1390]

Events (10 events):
Event: 966.629 Thread 0x00007ffd61402800 Thread added: 0x00007ffd61402800
Event: 978.736 Executing VM operation: RevokeBias
Event: 978.736 Executing VM operation: RevokeBias done
Event: 978.736 Thread 0x00007ffd61402800 Thread exited: 0x00007ffd61402800
Event: 979.041 Thread 0x00007ffd65af7000 Thread added: 0x00007ffd65af7000
Event: 1000.361 loading class com/badlogic/gdx/backends/lwjgl/LwjglApplication$2
Event: 1000.361 loading class com/badlogic/gdx/backends/lwjgl/LwjglApplication$2 done
Event: 1000.361 Thread 0x00007ffd628f3800 Uncommon trap: trap_request=0xffffff65 fr.pc=0x000000010dd0155c
Event: 1000.361 Thread 0x00007ffd628f3800 DEOPT PACKING pc=0x000000010dd0155c sp=0x00007000015de7e0
Event: 1000.361 Thread 0x00007ffd628f3800 DEOPT UNPACKING pc=0x000000010d885f69 sp=0x00007000015de7a0 mode 2


Dynamic libraries:
0x0000000001d62000 	/System/Library/Frameworks/Cocoa.framework/Versions/A/Cocoa
0x0000000001d62000 	/System/Library/Frameworks/Security.framework/Versions/A/Security
0x0000000001d62000 	/System/Library/Frameworks/ApplicationServices.framework/Versions/A/ApplicationServices
0x0000000001d62000 	/usr/lib/libz.1.dylib
0x0000000001d62000 	/usr/lib/libSystem.B.dylib
0x0000000001d62000 	/usr/lib/libobjc.A.dylib
0x0000000001d62000 	/System/Library/Frameworks/Foundation.framework/Versions/C/Foundation
0x0000000001d62000 	/System/Library/Frameworks/CoreFoundation.framework/Versions/A/CoreFoundation
0x0000000001d62000 	/System/Library/Frameworks/AppKit.framework/Versions/C/AppKit
0x0000000001d62000 	/System/Library/Frameworks/CoreData.framework/Versions/A/CoreData
0x0000000001d62000 	/System/Library/PrivateFrameworks/RemoteViewServices.framework/Versions/A/RemoteViewServices
0x0000000001d62000 	/System/Library/PrivateFrameworks/UIFoundation.framework/Versions/A/UIFoundation
0x0000000001d62000 	/usr/lib/libScreenReader.dylib
0x0000000001d62000 	/System/Library/Frameworks/Accelerate.framework/Versions/A/Accelerate
0x0000000001d62000 	/System/Library/Frameworks/IOSurface.framework/Versions/A/IOSurface
0x0000000001d62000 	/System/Library/Frameworks/AudioToolbox.framework/Versions/A/AudioToolbox
0x0000000001d62000 	/System/Library/Frameworks/AudioUnit.framework/Versions/A/AudioUnit
0x0000000001d62000 	/System/Library/PrivateFrameworks/DataDetectorsCore.framework/Versions/A/DataDetectorsCore
0x0000000001d62000 	/System/Library/PrivateFrameworks/DesktopServicesPriv.framework/Versions/A/DesktopServicesPriv
0x0000000001d62000 	/System/Library/Frameworks/Carbon.framework/Versions/A/Frameworks/HIToolbox.framework/Versions/A/HIToolbox
0x0000000001d62000 	/System/Library/Frameworks/QuartzCore.framework/Versions/A/QuartzCore
0x0000000001d62000 	/System/Library/Frameworks/Carbon.framework/Versions/A/Frameworks/SpeechRecognition.framework/Versions/A/SpeechRecognition
0x0000000001d62000 	/usr/lib/libauto.dylib
0x0000000001d62000 	/usr/lib/libicucore.A.dylib
0x0000000001d62000 	/usr/lib/libxml2.2.dylib
0x0000000001d62000 	/System/Library/PrivateFrameworks/CoreUI.framework/Versions/A/CoreUI
0x0000000001d62000 	/System/Library/Frameworks/CoreAudio.framework/Versions/A/CoreAudio
0x0000000001d62000 	/System/Library/Frameworks/DiskArbitration.framework/Versions/A/DiskArbitration
0x0000000001d62000 	/usr/lib/liblangid.dylib
0x0000000001d62000 	/System/Library/PrivateFrameworks/MultitouchSupport.framework/Versions/A/MultitouchSupport
0x0000000001d62000 	/System/Library/Frameworks/IOKit.framework/Versions/A/IOKit
0x0000000001d62000 	/usr/lib/libDiagnosticMessagesClient.dylib
0x0000000001d62000 	/System/Library/Frameworks/CoreServices.framework/Versions/A/CoreServices
0x0000000001d62000 	/System/Library/PrivateFrameworks/PerformanceAnalysis.framework/Versions/A/PerformanceAnalysis
0x0000000001d62000 	/System/Library/PrivateFrameworks/GenerationalStorage.framework/Versions/A/GenerationalStorage
0x0000000001d62000 	/System/Library/Frameworks/OpenGL.framework/Versions/A/OpenGL
0x0000000001d62000 	/System/Library/PrivateFrameworks/Sharing.framework/Versions/A/Sharing
0x0000000001d62000 	/System/Library/Frameworks/CoreGraphics.framework/Versions/A/CoreGraphics
0x0000000001d62000 	/System/Library/Frameworks/CoreImage.framework/Versions/A/CoreImage
0x0000000001d62000 	/System/Library/Frameworks/CoreText.framework/Versions/A/CoreText
0x0000000001d62000 	/System/Library/Frameworks/ImageIO.framework/Versions/A/ImageIO
0x0000000001d62000 	/System/Library/PrivateFrameworks/Backup.framework/Versions/A/Backup
0x0000000001d62000 	/usr/lib/libextension.dylib
0x0000000001d62000 	/usr/lib/libarchive.2.dylib
0x0000000001d62000 	/System/Library/Frameworks/CFNetwork.framework/Versions/A/CFNetwork
0x0000000001d62000 	/System/Library/Frameworks/SystemConfiguration.framework/Versions/A/SystemConfiguration
0x0000000001d62000 	/usr/lib/libCRFSuite.dylib
0x0000000001d62000 	/usr/lib/libc++.1.dylib
0x0000000001d62000 	/usr/lib/libc++abi.dylib
0x0000000001d62000 	/usr/lib/system/libcache.dylib
0x0000000001d62000 	/usr/lib/system/libcommonCrypto.dylib
0x0000000001d62000 	/usr/lib/system/libcompiler_rt.dylib
0x0000000001d62000 	/usr/lib/system/libcopyfile.dylib
0x0000000001d62000 	/usr/lib/system/libcorecrypto.dylib
0x0000000001d62000 	/usr/lib/system/libdispatch.dylib
0x0000000001d62000 	/usr/lib/system/libdyld.dylib
0x0000000001d62000 	/usr/lib/system/libkeymgr.dylib
0x0000000001d62000 	/usr/lib/system/liblaunch.dylib
0x0000000001d62000 	/usr/lib/system/libmacho.dylib
0x0000000001d62000 	/usr/lib/system/libquarantine.dylib
0x0000000001d62000 	/usr/lib/system/libremovefile.dylib
0x0000000001d62000 	/usr/lib/system/libsystem_asl.dylib
0x0000000001d62000 	/usr/lib/system/libsystem_blocks.dylib
0x0000000001d62000 	/usr/lib/system/libsystem_c.dylib
0x0000000001d62000 	/usr/lib/system/libsystem_configuration.dylib
0x0000000001d62000 	/usr/lib/system/libsystem_coreservices.dylib
0x0000000001d62000 	/usr/lib/system/libsystem_coretls.dylib
0x0000000001d62000 	/usr/lib/system/libsystem_dnssd.dylib
0x0000000001d62000 	/usr/lib/system/libsystem_info.dylib
0x0000000001d62000 	/usr/lib/system/libsystem_kernel.dylib
0x0000000001d62000 	/usr/lib/system/libsystem_m.dylib
0x0000000001d62000 	/usr/lib/system/libsystem_malloc.dylib
0x0000000001d62000 	/usr/lib/system/libsystem_network.dylib
0x0000000001d62000 	/usr/lib/system/libsystem_networkextension.dylib
0x0000000001d62000 	/usr/lib/system/libsystem_notify.dylib
0x0000000001d62000 	/usr/lib/system/libsystem_platform.dylib
0x0000000001d62000 	/usr/lib/system/libsystem_pthread.dylib
0x0000000001d62000 	/usr/lib/system/libsystem_sandbox.dylib
0x0000000001d62000 	/usr/lib/system/libsystem_secinit.dylib
0x0000000001d62000 	/usr/lib/system/libsystem_trace.dylib
0x0000000001d62000 	/usr/lib/system/libunc.dylib
0x0000000001d62000 	/usr/lib/system/libunwind.dylib
0x0000000001d62000 	/usr/lib/system/libxpc.dylib
0x0000000001d62000 	/usr/lib/libenergytrace.dylib
0x0000000001d62000 	/usr/lib/libbsm.0.dylib
0x0000000001d62000 	/usr/lib/system/libkxld.dylib
0x0000000001d62000 	/usr/lib/libxar.1.dylib
0x0000000001d62000 	/usr/lib/libsqlite3.dylib
0x0000000001d62000 	/usr/lib/libpam.2.dylib
0x0000000001d62000 	/usr/lib/libOpenScriptingUtil.dylib
0x0000000001d62000 	/usr/lib/libbz2.1.0.dylib
0x0000000001d62000 	/usr/lib/liblzma.5.dylib
0x0000000001d62000 	/System/Library/Frameworks/CoreServices.framework/Versions/A/Frameworks/FSEvents.framework/Versions/A/FSEvents
0x0000000001d62000 	/System/Library/Frameworks/CoreServices.framework/Versions/A/Frameworks/CarbonCore.framework/Versions/A/CarbonCore
0x0000000001d62000 	/System/Library/Frameworks/CoreServices.framework/Versions/A/Frameworks/Metadata.framework/Versions/A/Metadata
0x0000000001d62000 	/System/Library/Frameworks/CoreServices.framework/Versions/A/Frameworks/OSServices.framework/Versions/A/OSServices
0x0000000001d62000 	/System/Library/Frameworks/CoreServices.framework/Versions/A/Frameworks/SearchKit.framework/Versions/A/SearchKit
0x0000000001d62000 	/System/Library/Frameworks/CoreServices.framework/Versions/A/Frameworks/AE.framework/Versions/A/AE
0x0000000001d62000 	/System/Library/Frameworks/CoreServices.framework/Versions/A/Frameworks/LaunchServices.framework/Versions/A/LaunchServices
0x0000000001d62000 	/System/Library/Frameworks/CoreServices.framework/Versions/A/Frameworks/DictionaryServices.framework/Versions/A/DictionaryServices
0x0000000001d62000 	/System/Library/Frameworks/CoreServices.framework/Versions/A/Frameworks/SharedFileList.framework/Versions/A/SharedFileList
0x0000000001d62000 	/System/Library/Frameworks/NetFS.framework/Versions/A/NetFS
0x0000000001d62000 	/System/Library/PrivateFrameworks/NetAuth.framework/Versions/A/NetAuth
0x0000000001d62000 	/System/Library/PrivateFrameworks/login.framework/Versions/A/Frameworks/loginsupport.framework/Versions/A/loginsupport
0x0000000001d62000 	/System/Library/PrivateFrameworks/TCC.framework/Versions/A/TCC
0x0000000001d62000 	/usr/lib/libmecabra.dylib
0x0000000001d62000 	/System/Library/Frameworks/ApplicationServices.framework/Versions/A/Frameworks/ATS.framework/Versions/A/ATS
0x0000000001d62000 	/System/Library/Frameworks/ApplicationServices.framework/Versions/A/Frameworks/ColorSync.framework/Versions/A/ColorSync
0x0000000001d62000 	/System/Library/Frameworks/ApplicationServices.framework/Versions/A/Frameworks/HIServices.framework/Versions/A/HIServices
0x0000000001d62000 	/System/Library/Frameworks/ApplicationServices.framework/Versions/A/Frameworks/LangAnalysis.framework/Versions/A/LangAnalysis
0x0000000001d62000 	/System/Library/Frameworks/ApplicationServices.framework/Versions/A/Frameworks/PrintCore.framework/Versions/A/PrintCore
0x0000000001d62000 	/System/Library/Frameworks/ApplicationServices.framework/Versions/A/Frameworks/QD.framework/Versions/A/QD
0x0000000001d62000 	/System/Library/Frameworks/ApplicationServices.framework/Versions/A/Frameworks/SpeechSynthesis.framework/Versions/A/SpeechSynthesis
0x0000000001d62000 	/System/Library/Frameworks/Metal.framework/Versions/A/Metal
0x0000000001d62000 	/System/Library/Frameworks/Accelerate.framework/Versions/A/Frameworks/vImage.framework/Versions/A/vImage
0x0000000001d62000 	/System/Library/Frameworks/Accelerate.framework/Versions/A/Frameworks/vecLib.framework/Versions/A/vecLib
0x0000000001d62000 	/System/Library/Frameworks/Accelerate.framework/Versions/A/Frameworks/vecLib.framework/Versions/A/libvDSP.dylib
0x0000000001d62000 	/System/Library/Frameworks/Accelerate.framework/Versions/A/Frameworks/vecLib.framework/Versions/A/libvMisc.dylib
0x0000000001d62000 	/System/Library/Frameworks/Accelerate.framework/Versions/A/Frameworks/vecLib.framework/Versions/A/libLAPACK.dylib
0x0000000001d62000 	/System/Library/Frameworks/Accelerate.framework/Versions/A/Frameworks/vecLib.framework/Versions/A/libBLAS.dylib
0x0000000001d62000 	/System/Library/Frameworks/Accelerate.framework/Versions/A/Frameworks/vecLib.framework/Versions/A/libLinearAlgebra.dylib
0x0000000001d62000 	/System/Library/Frameworks/Accelerate.framework/Versions/A/Frameworks/vecLib.framework/Versions/A/libSparseBLAS.dylib
0x0000000001d62000 	/System/Library/PrivateFrameworks/GPUCompiler.framework/libmetal_timestamp.dylib
0x0000000001d62000 	/System/Library/Frameworks/OpenGL.framework/Versions/A/Libraries/libCoreFSCache.dylib
0x0000000001d62000 	/System/Library/PrivateFrameworks/IOAccelerator.framework/Versions/A/IOAccelerator
0x0000000001d62000 	/System/Library/Frameworks/ApplicationServices.framework/Versions/A/Frameworks/ATS.framework/Versions/A/Resources/libFontParser.dylib
0x0000000001d62000 	/System/Library/Frameworks/ApplicationServices.framework/Versions/A/Frameworks/ATS.framework/Versions/A/Resources/libFontRegistry.dylib
0x0000000001d62000 	/System/Library/PrivateFrameworks/AppleVPA.framework/Versions/A/AppleVPA
0x0000000001d62000 	/System/Library/PrivateFrameworks/AppleJPEG.framework/Versions/A/AppleJPEG
0x0000000001d62000 	/System/Library/Frameworks/ImageIO.framework/Versions/A/Resources/libJPEG.dylib
0x0000000001d62000 	/System/Library/Frameworks/ImageIO.framework/Versions/A/Resources/libTIFF.dylib
0x0000000001d62000 	/System/Library/Frameworks/ImageIO.framework/Versions/A/Resources/libPng.dylib
0x0000000001d62000 	/System/Library/Frameworks/ImageIO.framework/Versions/A/Resources/libGIF.dylib
0x0000000001d62000 	/System/Library/Frameworks/ImageIO.framework/Versions/A/Resources/libJP2.dylib
0x0000000001d62000 	/System/Library/Frameworks/ImageIO.framework/Versions/A/Resources/libRadiance.dylib
0x0000000001d62000 	/System/Library/Frameworks/CoreVideo.framework/Versions/A/CoreVideo
0x0000000001d62000 	/System/Library/Frameworks/OpenGL.framework/Versions/A/Libraries/libGLU.dylib
0x0000000001d62000 	/System/Library/Frameworks/OpenGL.framework/Versions/A/Libraries/libGFXShared.dylib
0x0000000001d62000 	/System/Library/Frameworks/OpenGL.framework/Versions/A/Libraries/libGL.dylib
0x0000000001d62000 	/System/Library/Frameworks/OpenGL.framework/Versions/A/Libraries/libGLImage.dylib
0x0000000001d62000 	/System/Library/Frameworks/OpenGL.framework/Versions/A/Libraries/libCVMSPluginSupport.dylib
0x0000000001d62000 	/System/Library/Frameworks/OpenGL.framework/Versions/A/Libraries/libCoreVMClient.dylib
0x0000000001d62000 	/usr/lib/libcompression.dylib
0x0000000001d62000 	/usr/lib/libcups.2.dylib
0x0000000001d62000 	/System/Library/Frameworks/Kerberos.framework/Versions/A/Kerberos
0x0000000001d62000 	/System/Library/Frameworks/GSS.framework/Versions/A/GSS
0x0000000001d62000 	/usr/lib/libresolv.9.dylib
0x0000000001d62000 	/usr/lib/libiconv.2.dylib
0x0000000001d62000 	/System/Library/PrivateFrameworks/Heimdal.framework/Versions/A/Heimdal
0x0000000001d62000 	/usr/lib/libheimdal-asn1.dylib
0x0000000001d62000 	/System/Library/Frameworks/OpenDirectory.framework/Versions/A/OpenDirectory
0x0000000001d62000 	/System/Library/PrivateFrameworks/CommonAuth.framework/Versions/A/CommonAuth
0x0000000001d62000 	/System/Library/Frameworks/OpenDirectory.framework/Versions/A/Frameworks/CFOpenDirectory.framework/Versions/A/CFOpenDirectory
0x0000000001d62000 	/System/Library/Frameworks/SecurityFoundation.framework/Versions/A/SecurityFoundation
0x0000000001d62000 	/System/Library/PrivateFrameworks/LanguageModeling.framework/Versions/A/LanguageModeling
0x0000000001d62000 	/usr/lib/libmarisa.dylib
0x0000000001d62000 	/usr/lib/libChineseTokenizer.dylib
0x0000000001d62000 	/usr/lib/libcmph.dylib
0x0000000001d62000 	/System/Library/Frameworks/ServiceManagement.framework/Versions/A/ServiceManagement
0x0000000001d62000 	/usr/lib/libxslt.1.dylib
0x0000000001d62000 	/System/Library/Frameworks/Carbon.framework/Versions/A/Frameworks/Ink.framework/Versions/A/Ink
0x0000000001d62000 	/usr/lib/libFosl_dynamic.dylib
0x0000000001d62000 	/System/Library/PrivateFrameworks/FaceCore.framework/Versions/A/FaceCore
0x0000000001d62000 	/System/Library/Frameworks/OpenCL.framework/Versions/A/OpenCL
0x0000000001d62000 	/System/Library/PrivateFrameworks/CrashReporterSupport.framework/Versions/A/CrashReporterSupport
0x0000000001d62000 	/System/Library/PrivateFrameworks/IconServices.framework/Versions/A/IconServices
0x0000000001d62000 	/System/Library/PrivateFrameworks/Apple80211.framework/Versions/A/Apple80211
0x0000000001d62000 	/System/Library/Frameworks/CoreWLAN.framework/Versions/A/CoreWLAN
0x0000000001d62000 	/System/Library/Frameworks/IOBluetooth.framework/Versions/A/IOBluetooth
0x0000000001d62000 	/System/Library/PrivateFrameworks/CoreWiFi.framework/Versions/A/CoreWiFi
0x0000000001d62000 	/System/Library/Frameworks/CoreBluetooth.framework/Versions/A/CoreBluetooth
0x0000000001d62000 	/System/Library/PrivateFrameworks/ChunkingLibrary.framework/Versions/A/ChunkingLibrary
0x0000000001d62000 	/System/Library/PrivateFrameworks/DebugSymbols.framework/Versions/A/DebugSymbols
0x0000000001d62000 	/System/Library/PrivateFrameworks/CoreSymbolication.framework/Versions/A/CoreSymbolication
0x0000000001d62000 	/System/Library/PrivateFrameworks/Symbolication.framework/Versions/A/Symbolication
0x0000000001d62000 	/System/Library/PrivateFrameworks/SpeechRecognitionCore.framework/Versions/A/SpeechRecognitionCore
0x000000010cd36000 	/Applications/Android Studio.app/Contents/jre/jdk/Contents/Home/jre/lib/server/libjvm.dylib
0x0000000001d62000 	/usr/lib/libstdc++.6.dylib
0x000000010d82c000 	/Applications/Android Studio.app/Contents/jre/jdk/Contents/Home/jre/lib/libverify.dylib
0x000000010d839000 	/Applications/Android Studio.app/Contents/jre/jdk/Contents/Home/jre/lib/libjava.dylib
0x000000010d878000 	/Applications/Android Studio.app/Contents/jre/jdk/Contents/Home/jre/lib/libzip.dylib
0x00000001239f0000 	/System/Library/Frameworks/JavaVM.framework/Frameworks/JavaRuntimeSupport.framework/JavaRuntimeSupport
0x0000000123a0b000 	/System/Library/Frameworks/JavaVM.framework/Versions/A/Frameworks/JavaNativeFoundation.framework/Versions/A/JavaNativeFoundation
0x00000001221ee000 	/System/Library/Frameworks/JavaVM.framework/Versions/A/JavaVM
0x0000000001d62000 	/System/Library/Frameworks/Carbon.framework/Versions/A/Carbon
0x0000000123a20000 	/System/Library/PrivateFrameworks/JavaLaunching.framework/Versions/A/JavaLaunching
0x0000000001d62000 	/System/Library/Frameworks/Carbon.framework/Versions/A/Frameworks/CommonPanels.framework/Versions/A/CommonPanels
0x0000000001d62000 	/System/Library/Frameworks/Carbon.framework/Versions/A/Frameworks/Help.framework/Versions/A/Help
0x0000000001d62000 	/System/Library/Frameworks/Carbon.framework/Versions/A/Frameworks/ImageCapture.framework/Versions/A/ImageCapture
0x0000000001d62000 	/System/Library/Frameworks/Carbon.framework/Versions/A/Frameworks/OpenScripting.framework/Versions/A/OpenScripting
0x0000000001d62000 	/System/Library/Frameworks/Carbon.framework/Versions/A/Frameworks/Print.framework/Versions/A/Print
0x0000000001d62000 	/System/Library/Frameworks/Carbon.framework/Versions/A/Frameworks/SecurityHI.framework/Versions/A/SecurityHI
0x0000000125495000 	/Applications/Android Studio.app/Contents/bin/libbreakgen64.jnilib
0x0000000125498000 	/Applications/Android Studio.app/Contents/jre/jdk/Contents/Home/jre/lib/libnet.dylib
0x00000001254f7000 	/private/var/folders/fv/rfwhp6cx6s3_8j0l5bq1c4yc0000gn/T/libgdxbernardoleite/6e213a1/libgdx64.dylib
0x0000000125547000 	/Applications/Android Studio.app/Contents/jre/jdk/Contents/Home/jre/lib/libawt.dylib
0x00000001255ef000 	/Applications/Android Studio.app/Contents/jre/jdk/Contents/Home/jre/lib/./libmlib_image.dylib
0x00000001256bb000 	/Applications/Android Studio.app/Contents/jre/jdk/Contents/Home/jre/lib/libawt_lwawt.dylib
0x0000000125773000 	/Applications/Android Studio.app/Contents/jre/jdk/Contents/Home/jre/lib/./libosxapp.dylib
0x0000000001d62000 	/System/Library/Frameworks/ExceptionHandling.framework/Versions/A/ExceptionHandling
0x0000000001d62000 	/System/Library/PrivateFrameworks/CoreServicesInternal.framework/Versions/A/CoreServicesInternal
0x0000000001d62000 	/System/Library/Frameworks/CoreGraphics.framework/Versions/A/Resources/libRIP.A.dylib
0x0000000001d62000 	/System/Library/Frameworks/Accelerate.framework/Versions/A/Frameworks/vImage.framework/Versions/A/Libraries/libCGInterfaces.dylib
0x0000000001d62000 	/System/Library/Frameworks/CoreGraphics.framework/Versions/A/Resources/libCGXType.A.dylib
0x0000000001d62000 	/System/Library/Frameworks/OpenCL.framework/Versions/A/Libraries/libcldcpuengine.dylib
0x0000000001d62000 	/System/Library/PrivateFrameworks/DiskImages.framework/Versions/A/DiskImages
0x0000000001d62000 	/System/Library/Frameworks/DiscRecording.framework/Versions/A/DiscRecording
0x0000000001d62000 	/usr/lib/libcsfde.dylib
0x0000000001d62000 	/usr/lib/libcurl.4.dylib
0x0000000001d62000 	/System/Library/PrivateFrameworks/MediaKit.framework/Versions/A/MediaKit
0x0000000001d62000 	/System/Library/PrivateFrameworks/ProtectedCloudStorage.framework/Versions/A/ProtectedCloudStorage
0x0000000001d62000 	/usr/lib/libCoreStorage.dylib
0x0000000001d62000 	/System/Library/PrivateFrameworks/EFILogin.framework/Versions/A/EFILogin
0x0000000001d62000 	/usr/lib/libutil.dylib
0x0000000001d62000 	/System/Library/PrivateFrameworks/FindMyDevice.framework/Versions/A/FindMyDevice
0x0000000001d62000 	/System/Library/Frameworks/LDAP.framework/Versions/A/LDAP
0x0000000001d62000 	/usr/lib/libsasl2.2.dylib
0x0000000001d62000 	/System/Library/PrivateFrameworks/CoreDaemon.framework/Versions/B/CoreDaemon
0x0000000001d62000 	/usr/lib/libcrypto.0.9.8.dylib
0x0000000001d62000 	/System/Library/PrivateFrameworks/AppleSRP.framework/Versions/A/AppleSRP
0x0000000001d62000 	/System/Library/PrivateFrameworks/TrustEvaluationAgent.framework/Versions/A/TrustEvaluationAgent
0x00000001270a3000 	cl_kernels
0x0000000001d62000 	/System/Library/Frameworks/OpenCL.framework/Versions/A/Libraries/ImageFormats/unorm8_bgra.dylib
0x0000000001d62000 	/System/Library/Frameworks/OpenCL.framework/Versions/A/Libraries/ImageFormats/unorm8_rgba.dylib
0x0000000001d62000 	/System/Library/PrivateFrameworks/FamilyControls.framework/Versions/A/FamilyControls
0x0000000001d62000 	/System/Library/PrivateFrameworks/CommerceKit.framework/Versions/A/Frameworks/CommerceCore.framework/Versions/A/CommerceCore
0x0000000001d62000 	/System/Library/PrivateFrameworks/SystemAdministration.framework/Versions/A/SystemAdministration
0x0000000001d62000 	/System/Library/PrivateFrameworks/AppContainer.framework/Versions/A/AppContainer
0x0000000001d62000 	/System/Library/PrivateFrameworks/SecCodeWrapper.framework/Versions/A/SecCodeWrapper
0x0000000001d62000 	/System/Library/Frameworks/DirectoryService.framework/Versions/A/DirectoryService
0x0000000001d62000 	/System/Library/PrivateFrameworks/LoginUIKit.framework/Versions/A/Frameworks/LoginUICore.framework/Versions/A/LoginUICore
0x0000000001d62000 	/usr/lib/libodfde.dylib
0x00000001280f5000 	/Applications/Android Studio.app/Contents/jre/jdk/Contents/Home/jre/lib/libfontmanager.dylib
0x00000001281ea000 	/Applications/Android Studio.app/Contents/jre/jdk/Contents/Home/jre/lib/./libfreetype.dylib.6
0x00000001282a0000 	/private/var/folders/fv/rfwhp6cx6s3_8j0l5bq1c4yc0000gn/T/libgdxbernardoleite/f7649394/liblwjgl.dylib
0x0000000126570000 	/Applications/Android Studio.app/Contents/jre/jdk/Contents/Home/jre/lib/libjawt.dylib
0x0000000128322000 	/var/folders/fv/rfwhp6cx6s3_8j0l5bq1c4yc0000gn/T/libgdxbernardoleite/f7649394/openal.dylib
0x0000000128391000 	/System/Library/Components/CoreAudio.component/Contents/MacOS/CoreAudio
0x0000000127095000 	/System/Library/Extensions/AppleHDA.kext/Contents/PlugIns/AppleHDAHALPlugIn.bundle/Contents/MacOS/AppleHDAHALPlugIn
0x0000000001d62000 	/System/Library/Frameworks/OpenGL.framework/Versions/A/Resources/GLEngine.bundle/GLEngine
0x0000000001d62000 	/System/Library/Frameworks/OpenGL.framework/Versions/A/Libraries/libGLProgrammability.dylib
0x0000000128557000 	/System/Library/Extensions/AppleIntelBDWGraphicsGLDriver.bundle/Contents/MacOS/AppleIntelBDWGraphicsGLDriver
0x0000000001d62000 	/System/Library/PrivateFrameworks/GPUSupport.framework/Versions/A/Libraries/libGPUSupportMercury.dylib
0x0000000001d62000 	/System/Library/Frameworks/OpenGL.framework/Versions/A/Resources/GLRendererFloat.bundle/GLRendererFloat
0x0000000129d7a000 	/private/var/folders/fv/rfwhp6cx6s3_8j0l5bq1c4yc0000gn/T/libgdxbernardoleite/c9d6d90c/libgdx-box2d64.dylib

VM Arguments:
jvm_args: -Didea.launcher.port=7533 -Didea.launcher.bin.path=/Applications/Android Studio.app/Contents/bin -Dfile.encoding=UTF-8 
java_command: com.intellij.rt.execution.application.AppMain com.brentaureli.mariobros.desktop.DesktopLauncher
java_class_path (initial): /Applications/Android Studio.app/Contents/jre/jdk/Contents/Home/jre/lib/charsets.jar:/Applications/Android Studio.app/Contents/jre/jdk/Contents/Home/jre/lib/ext/cldrdata.jar:/Applications/Android Studio.app/Contents/jre/jdk/Contents/Home/jre/lib/ext/dnsns.jar:/Applications/Android Studio.app/Contents/jre/jdk/Contents/Home/jre/lib/ext/jaccess.jar:/Applications/Android Studio.app/Contents/jre/jdk/Contents/Home/jre/lib/ext/localedata.jar:/Applications/Android Studio.app/Contents/jre/jdk/Contents/Home/jre/lib/ext/nashorn.jar:/Applications/Android Studio.app/Contents/jre/jdk/Contents/Home/jre/lib/ext/sunec.jar:/Applications/Android Studio.app/Contents/jre/jdk/Contents/Home/jre/lib/ext/sunjce_provider.jar:/Applications/Android Studio.app/Contents/jre/jdk/Contents/Home/jre/lib/ext/sunpkcs11.jar:/Applications/Android Studio.app/Contents/jre/jdk/Contents/Home/jre/lib/ext/zipfs.jar:/Applications/Android Studio.app/Contents/jre/jdk/Contents/Home/jre/lib/jce.jar:/Applications/Android Studio.app/Contents/jre/jdk/Contents/Home/jre/lib/jsse.jar:/Applications/Android Studio.app/Contents/jre/jdk/Contents/Home/jre/lib/management-agent.jar:/Applications/Android Studio.app/Contents/jre/jdk/Contents/Home/jre/lib/resources.jar:/Applications/Android Studio.app/Contents/jre/jdk/Contents/Home/jre/lib/rt.jar:/Applications/Android Studio.app/Contents/jre/jdk/Contents/Home/lib/dt.jar:/Applications/Android Studio.app/Contents/jre/jdk/Contents/Home/lib/jconsole.jar:/Applications/Android Studio.app/Contents/jre/jdk/Contents/Home/lib/sa-jdi.jar:/Applications/Android Studio.app/Contents/jre/jdk/Contents/Home/lib/tools.jar:/Users/bernardoleite/Desktop/proj/desktop/build/classes/main:/Users/bernardoleite/Desktop/proj/core/build/classes/main:/Users/bernardoleite/.gradle/caches/modules-2/files-2.1/com.badlogicgames.gdx/gdx/1.9.6/47d1e9b890e364ec28f128e9bb3b9a12a94c164/gdx-1.9.6.jar:/Users/bernardoleite/.gradle/caches/modules-2/files-2.1/com.badlogicgames.gdx/gdx-box2d/1.9.6
Launcher Type: SUN_STANDARD

Environment Variables:
PATH=/usr/local/bin:/usr/bin:/bin:/usr/sbin:/sbin
SHELL=/bin/bash

Signal Handlers:
SIGSEGV: [libjvm.dylib+0x57e9cd], sa_mask[0]=11111111011111110111111111111111, sa_flags=SA_ONSTACK|SA_RESTART|SA_SIGINFO
SIGBUS: [libjvm.dylib+0x57e9cd], sa_mask[0]=11111111011111110111111111111111, sa_flags=SA_RESTART|SA_SIGINFO
SIGFPE: [libjvm.dylib+0x45951c], sa_mask[0]=11111111011111110111111111111111, sa_flags=SA_RESTART|SA_SIGINFO
SIGPIPE: [libjvm.dylib+0x45951c], sa_mask[0]=11111111011111110111111111111111, sa_flags=SA_RESTART|SA_SIGINFO
SIGXFSZ: [libjvm.dylib+0x45951c], sa_mask[0]=11111111011111110111111111111111, sa_flags=SA_RESTART|SA_SIGINFO
SIGILL: [libjvm.dylib+0x45951c], sa_mask[0]=11111111011111110111111111111111, sa_flags=SA_RESTART|SA_SIGINFO
SIGUSR1: SIG_DFL, sa_mask[0]=00000000000000000000000000000000, sa_flags=none
SIGUSR2: [libjvm.dylib+0x45903a], sa_mask[0]=00100000000000000000000000000000, sa_flags=SA_RESTART|SA_SIGINFO
SIGHUP: [libjvm.dylib+0x457611], sa_mask[0]=11111111011111110111111111111111, sa_flags=SA_RESTART|SA_SIGINFO
SIGINT: [libjvm.dylib+0x457611], sa_mask[0]=11111111011111110111111111111111, sa_flags=SA_RESTART|SA_SIGINFO
SIGTERM: [libjvm.dylib+0x457611], sa_mask[0]=11111111011111110111111111111111, sa_flags=SA_RESTART|SA_SIGINFO
SIGQUIT: [libjvm.dylib+0x457611], sa_mask[0]=11111111011111110111111111111111, sa_flags=SA_RESTART|SA_SIGINFO


---------------  S Y S T E M  ---------------

OS:Bsduname:Darwin 15.6.0 Darwin Kernel Version 15.6.0: Mon Aug 29 20:21:34 PDT 2016; root:xnu-3248.60.11~1/RELEASE_X86_64 x86_64
rlimit: STACK 8192k, CORE 0k, NPROC 709, NOFILE 10240, AS infinity
load average:1.91 2.01 2.01

CPU:total 4 (2 cores per cpu, 2 threads per core) family 6 model 61 stepping 4, cmov, cx8, fxsr, mmx, sse, sse2, sse3, ssse3, sse4.1, sse4.2, popcnt, avx, avx2, aes, clmul, erms, 3dnowpref, lzcnt, ht, tsc, tscinvbit, bmi1, bmi2, adx

Memory: 4k page, physical 8388608k(165216k free)

/proc/meminfo:


vm_info: OpenJDK 64-Bit Server VM (25.112-b06) for bsd-amd64 JRE (1.8.0_112-release-b06), built on Dec  6 2016 12:18:58 by "builder" with gcc 4.2.1 (Based on Apple Inc. build 5658) (LLVM build 2336.11.00)

time: Fri Apr 28 01:25:07 2017
elapsed time: 1000 seconds (0d 0h 16m 40s)

